<?xml version="1.0" encoding="UTF-8"?>
<testng-results ignored="0" total="1" passed="1" failed="0" skipped="0">
  <reporter-output>
  </reporter-output>
  <suite started-at="2023-08-30T18:47:47 PDT" name="Default suite" finished-at="2023-08-30T18:48:13 PDT" duration-ms="26173">
    <groups>
    </groups>
    <test started-at="2023-08-30T18:47:47 PDT" name="Default test" finished-at="2023-08-30T18:48:13 PDT" duration-ms="26173">
      <class name="com.amazon.testScript.BuyingMobilePhone">
        <test-method is-config="true" signature="StartApp()[pri:0, instance:com.amazon.testScript.BuyingMobilePhone@4218d6a3]" started-at="2023-08-30T18:47:47 PDT" name="StartApp" finished-at="2023-08-30T18:47:55 PDT" duration-ms="8013" status="PASS">
          <reporter-output>
          </reporter-output>
        </test-method> <!-- StartApp -->
        <test-method signature="BuyMobileFromAmazon()[pri:0, instance:com.amazon.testScript.BuyingMobilePhone@4218d6a3]" started-at="2023-08-30T18:47:55 PDT" name="BuyMobileFromAmazon" finished-at="2023-08-30T18:48:13 PDT" duration-ms="18085" status="PASS">
          <reporter-output>
          </reporter-output>
        </test-method> <!-- BuyMobileFromAmazon -->
        <test-method is-config="true" signature="CloseApp()[pri:0, instance:com.amazon.testScript.BuyingMobilePhone@4218d6a3]" started-at="2023-08-30T18:48:13 PDT" name="CloseApp" finished-at="2023-08-30T18:48:13 PDT" duration-ms="3" status="PASS">
          <reporter-output>
          </reporter-output>
        </test-method> <!-- CloseApp -->
      </class> <!-- com.amazon.testScript.BuyingMobilePhone -->
    </test> <!-- Default test -->
  </suite> <!-- Default suite -->
</testng-results>
